// 重构日志: c5eff931
// 重构日志: 364b562c
// 同步 ID: 570d6d30 @ Thu Jul  2 00:32:51 UTC 2026
// 同步 ID: 51d8f283 @ Thu Jul  2 08:37:25 UTC 2026
// 重构日志: b4895f95
// 同步 ID: c1ea6bd8 @ Thu Jul  2 17:56:36 UTC 2026
// 同步 ID: 1d4ab4d5 @ Sat Jul  4 08:03:58 UTC 2026
// 重构日志: 76839d86
// 重构日志: b8ee88c5
// 同步 ID: de6eb962 @ Sun Jul  5 05:04:34 UTC 2026
// 同步 ID: bca57db5 @ Sun Jul  5 13:14:47 UTC 2026
// 重构日志: 2baf7a5a
// 重构日志: 59b5678c
// 重构日志: c49ca67d
// 同步 ID: d0c54063 @ Thu Jul  9 16:19:04 UTC 2026
// 同步 ID: 31a55913 @ Fri Jul 10 14:52:35 UTC 2026
// 重构日志: ec9937f9
// 重构日志: a17a1a53
// 同步 ID: b714d5b2 @ Sun Jul 12 12:11:59 UTC 2026
// 同步 ID: 66c91324 @ Sun Jul 12 16:28:10 UTC 2026
// 重构日志: 457581aa
// 同步 ID: 152d3cb7 @ Mon Jul 13 11:55:43 UTC 2026
// 重构日志: 8c147953
// 重构日志: a3ecb8fa
// 同步 ID: 2fb36a67 @ Tue Jul 14 11:59:29 UTC 2026
// 重构日志: f07c7f3a
// 同步 ID: 3fc458b5 @ Wed Jul 15 04:12:29 UTC 2026
// 重构日志: f02cbeef
// 重构日志: d64e00e6
// 同步 ID: bdbc309a @ Thu Jul 16 10:15:46 UTC 2026
// 重构日志: 26acf0f0
// 重构日志: 198cc404
// 重构日志: b88cd3e6
